[0m[[0m[0mdebug[0m] [0m[0m> Exec(;Test/compile; collectAnalyses, None, Some(CommandSource(network-1)))[0m
[0m[[0m[0mdebug[0m] [0m[0mjsonRpcNotify: JsonRpcNotificationMessage(2.0, build/logMessage, {"type":4,"message":"Processing"})[0m
[0m[[0m[0mdebug[0m] [0m[0mjsonRpcNotify: JsonRpcNotificationMessage(2.0, build/logMessage, {"type":4,"message":"Done"})[0m
[0m[[0m[0mdebug[0m] [0m[0m> Exec(Test/compile, None, Some(CommandSource(network-1)))[0m
[0m[[0m[0mdebug[0m] [0m[0mjsonRpcNotify: JsonRpcNotificationMessage(2.0, build/logMessage, {"type":4,"message":"Processing"})[0m
[0m[[0m[0mdebug[0m] [0m[0mEvaluating tasks: Test / compile[0m
[0m[[0m[0mdebug[0m] [0m[0mRunning task... Cancel: Signal, check cycles: false, forcegc: true[0m
[0m[[0m[0mdebug[0m] [0m[0mjsonRpcNotify: JsonRpcNotificationMessage(2.0, build/taskStart, {"taskId":{"id":"3","parents":[]},"eventTime":1634124857182,"message":"Compiling root","dataKind":"compile-task","data":{"target":{"uri":"file:/C:/Users/Saad/OneDrive/Desktop/Awwad-Core/#root/Compile"}}})[0m
[0m[[0m[0mdebug[0m] [0m[0mjsonRpcNotify: JsonRpcNotificationMessage(2.0, build/publishDiagnostics, {"textDocument":{"uri":"file:///C:/Users/Saad/OneDrive/Desktop/Awwad-Core/src/main/scala/Datapath/ALU.scala"},"buildTarget":{"uri":"file:/C:/Users/Saad/OneDrive/Desktop/Awwad-Core/#root/Compile"},"diagnostics":[],"reset":true})[0m
[0m[[0m[0mdebug[0m] [0m[0mjsonRpcNotify: JsonRpcNotificationMessage(2.0, build/publishDiagnostics, {"textDocument":{"uri":"file:///C:/Users/Saad/OneDrive/Desktop/Awwad-Core/src/main/scala/Datapath/Jalr.scala"},"buildTarget":{"uri":"file:/C:/Users/Saad/OneDrive/Desktop/Awwad-Core/#root/Compile"},"diagnostics":[],"reset":true})[0m
[0m[[0m[0mdebug[0m] [0m[0mjsonRpcNotify: JsonRpcNotificationMessage(2.0, build/publishDiagnostics, {"textDocument":{"uri":"file:///C:/Users/Saad/OneDrive/Desktop/Awwad-Core/src/main/scala/Datapath/ImmGen.scala"},"buildTarget":{"uri":"file:/C:/Users/Saad/OneDrive/Desktop/Awwad-Core/#root/Compile"},"diagnostics":[],"reset":true})[0m
[0m[[0m[0mdebug[0m] [0m[0mjsonRpcNotify: JsonRpcNotificationMessage(2.0, build/publishDiagnostics, {"textDocument":{"uri":"file:///C:/Users/Saad/OneDrive/Desktop/Awwad-Core/src/main/scala/Datapath/BranchControl.scala"},"buildTarget":{"uri":"file:/C:/Users/Saad/OneDrive/Desktop/Awwad-Core/#root/Compile"},"diagnostics":[],"reset":true})[0m
[0m[[0m[0mdebug[0m] [0m[0mjsonRpcNotify: JsonRpcNotificationMessage(2.0, build/publishDiagnostics, {"textDocument":{"uri":"file:///C:/Users/Saad/OneDrive/Desktop/Awwad-Core/src/main/scala/Datapath/RegisterFile.scala"},"buildTarget":{"uri":"file:/C:/Users/Saad/OneDrive/Desktop/Awwad-Core/#root/Compile"},"diagnostics":[],"reset":true})[0m
[0m[[0m[0mdebug[0m] [0m[0mjsonRpcNotify: JsonRpcNotificationMessage(2.0, build/publishDiagnostics, {"textDocument":{"uri":"file:///C:/Users/Saad/OneDrive/Desktop/Awwad-Core/src/main/scala/gcd/GCD.scala"},"buildTarget":{"uri":"file:/C:/Users/Saad/OneDrive/Desktop/Awwad-Core/#root/Compile"},"diagnostics":[],"reset":true})[0m
[0m[[0m[0mdebug[0m] [0m[0mjsonRpcNotify: JsonRpcNotificationMessage(2.0, build/publishDiagnostics, {"textDocument":{"uri":"file:///C:/Users/Saad/OneDrive/Desktop/Awwad-Core/src/main/scala/Datapath/TopFile.scala"},"buildTarget":{"uri":"file:/C:/Users/Saad/OneDrive/Desktop/Awwad-Core/#root/Compile"},"diagnostics":[],"reset":true})[0m
[0m[[0m[0mdebug[0m] [0m[0mjsonRpcNotify: JsonRpcNotificationMessage(2.0, build/publishDiagnostics, {"textDocument":{"uri":"file:///C:/Users/Saad/OneDrive/Desktop/Awwad-Core/src/main/scala/Datapath/DataMemory.scala"},"buildTarget":{"uri":"file:/C:/Users/Saad/OneDrive/Desktop/Awwad-Core/#root/Compile"},"diagnostics":[],"reset":true})[0m
[0m[[0m[0mdebug[0m] [0m[0mjsonRpcNotify: JsonRpcNotificationMessage(2.0, build/publishDiagnostics, {"textDocument":{"uri":"file:///C:/Users/Saad/OneDrive/Desktop/Awwad-Core/src/main/scala/Datapath/Config.scala"},"buildTarget":{"uri":"file:/C:/Users/Saad/OneDrive/Desktop/Awwad-Core/#root/Compile"},"diagnostics":[],"reset":true})[0m
[0m[[0m[0mdebug[0m] [0m[0mjsonRpcNotify: JsonRpcNotificationMessage(2.0, build/publishDiagnostics, {"textDocument":{"uri":"file:///C:/Users/Saad/OneDrive/Desktop/Awwad-Core/src/main/scala/Datapath/AluControl.scala"},"buildTarget":{"uri":"file:/C:/Users/Saad/OneDrive/Desktop/Awwad-Core/#root/Compile"},"diagnostics":[],"reset":true})[0m
[0m[[0m[0mdebug[0m] [0m[0mjsonRpcNotify: JsonRpcNotificationMessage(2.0, build/publishDiagnostics, {"textDocument":{"uri":"file:///C:/Users/Saad/OneDrive/Desktop/Awwad-Core/src/main/scala/Datapath/ProgramCounter.scala"},"buildTarget":{"uri":"file:/C:/Users/Saad/OneDrive/Desktop/Awwad-Core/#root/Compile"},"diagnostics":[],"reset":true})[0m
[0m[[0m[0mdebug[0m] [0m[0mjsonRpcNotify: JsonRpcNotificationMessage(2.0, build/publishDiagnostics, {"textDocument":{"uri":"file:///C:/Users/Saad/OneDrive/Desktop/Awwad-Core/src/main/scala/gcd/DecoupledGCD.scala"},"buildTarget":{"uri":"file:/C:/Users/Saad/OneDrive/Desktop/Awwad-Core/#root/Compile"},"diagnostics":[],"reset":true})[0m
[0m[[0m[0mdebug[0m] [0m[0mjsonRpcNotify: JsonRpcNotificationMessage(2.0, build/publishDiagnostics, {"textDocument":{"uri":"file:///C:/Users/Saad/OneDrive/Desktop/Awwad-Core/src/main/scala/Datapath/Control.scala"},"buildTarget":{"uri":"file:/C:/Users/Saad/OneDrive/Desktop/Awwad-Core/#root/Compile"},"diagnostics":[],"reset":true})[0m
[0m[[0m[0mdebug[0m] [0m[0mjsonRpcNotify: JsonRpcNotificationMessage(2.0, build/publishDiagnostics, {"textDocument":{"uri":"file:///C:/Users/Saad/OneDrive/Desktop/Awwad-Core/src/main/scala/Datapath/InstructionMemory.scala"},"buildTarget":{"uri":"file:/C:/Users/Saad/OneDrive/Desktop/Awwad-Core/#root/Compile"},"diagnostics":[],"reset":true})[0m
[0m[[0m[0mdebug[0m] [0m[0mjsonRpcNotify: JsonRpcNotificationMessage(2.0, build/publishDiagnostics, {"textDocument":{"uri":"file:///C:/Users/Saad/OneDrive/Desktop/Awwad-Core/src/main/scala/Datapath/ControlDecode.scala"},"buildTarget":{"uri":"file:/C:/Users/Saad/OneDrive/Desktop/Awwad-Core/#root/Compile"},"diagnostics":[],"reset":true})[0m
[0m[[0m[0mdebug[0m] [0m[0mjsonRpcNotify: JsonRpcNotificationMessage(2.0, build/publishDiagnostics, {"textDocument":{"uri":"file:///C:/Users/Saad/OneDrive/Desktop/Awwad-Core/src/main/scala/Datapath/TypeDecode.scala"},"buildTarget":{"uri":"file:/C:/Users/Saad/OneDrive/Desktop/Awwad-Core/#root/Compile"},"diagnostics":[],"reset":true})[0m
[0m[[0m[0mdebug[0m] [0m[0mjsonRpcNotify: JsonRpcNotificationMessage(2.0, build/taskFinish, {"taskId":{"id":"3","parents":[]},"eventTime":1634124857303,"message":"Compiled root","status":1,"dataKind":"compile-report","data":{"target":{"uri":"file:/C:/Users/Saad/OneDrive/Desktop/Awwad-Core/#root/Compile"},"errors":0,"warnings":0,"time":121}})[0m
[0m[[0m[0mdebug[0m] [0m[0mjsonRpcNotify: JsonRpcNotificationMessage(2.0, build/taskStart, {"taskId":{"id":"4","parents":[]},"eventTime":1634124857366,"message":"Compiling root-test","dataKind":"compile-task","data":{"target":{"uri":"file:/C:/Users/Saad/OneDrive/Desktop/Awwad-Core/#root/Test"}}})[0m
[0m[[0m[0mdebug[0m] [0m[0mjsonRpcNotify: JsonRpcNotificationMessage(2.0, build/publishDiagnostics, {"textDocument":{"uri":"file:///C:/Users/Saad/OneDrive/Desktop/Awwad-Core/src/test/scala/Datapath/ALUtest.scala"},"buildTarget":{"uri":"file:/C:/Users/Saad/OneDrive/Desktop/Awwad-Core/#root/Test"},"diagnostics":[],"reset":true})[0m
[0m[[0m[0mdebug[0m] [0m[0mjsonRpcNotify: JsonRpcNotificationMessage(2.0, build/publishDiagnostics, {"textDocument":{"uri":"file:///C:/Users/Saad/OneDrive/Desktop/Awwad-Core/src/test/scala/Datapath/ControlTest.scala"},"buildTarget":{"uri":"file:/C:/Users/Saad/OneDrive/Desktop/Awwad-Core/#root/Test"},"diagnostics":[],"reset":true})[0m
[0m[[0m[0mdebug[0m] [0m[0mjsonRpcNotify: JsonRpcNotificationMessage(2.0, build/publishDiagnostics, {"textDocument":{"uri":"file:///C:/Users/Saad/OneDrive/Desktop/Awwad-Core/src/test/scala/Datapath/ControlDecodeTest.scala"},"buildTarget":{"uri":"file:/C:/Users/Saad/OneDrive/Desktop/Awwad-Core/#root/Test"},"diagnostics":[],"reset":true})[0m
[0m[[0m[0mdebug[0m] [0m[0mjsonRpcNotify: JsonRpcNotificationMessage(2.0, build/publishDiagnostics, {"textDocument":{"uri":"file:///C:/Users/Saad/OneDrive/Desktop/Awwad-Core/src/test/scala/gcd/GCDSpec.scala"},"buildTarget":{"uri":"file:/C:/Users/Saad/OneDrive/Desktop/Awwad-Core/#root/Test"},"diagnostics":[],"reset":true})[0m
[0m[[0m[0mdebug[0m] [0m[0mjsonRpcNotify: JsonRpcNotificationMessage(2.0, build/taskFinish, {"taskId":{"id":"4","parents":[]},"eventTime":1634124857467,"message":"Compiled root-test","status":1,"dataKind":"compile-report","data":{"target":{"uri":"file:/C:/Users/Saad/OneDrive/Desktop/Awwad-Core/#root/Test"},"errors":0,"warnings":0,"time":101}})[0m
[0m[[0m[32msuccess[0m] [0m[0mTotal time: 4 s, completed Oct 13, 2021 4:34:19 PM[0m
[0m[[0m[0mdebug[0m] [0m[0mjsonRpcNotify: JsonRpcNotificationMessage(2.0, build/logMessage, {"type":4,"message":"Done"})[0m
[0m[[0m[0mdebug[0m] [0m[0m> Exec(collectAnalyses, None, Some(CommandSource(network-1)))[0m
[0m[[0m[0mdebug[0m] [0m[0mjsonRpcNotify: JsonRpcNotificationMessage(2.0, build/logMessage, {"type":4,"message":"Processing"})[0m
[0m[[0m[0mdebug[0m] [0m[0mEvaluating tasks: Compile / collectAnalyses[0m
[0m[[0m[0mdebug[0m] [0m[0mRunning task... Cancel: Signal, check cycles: false, forcegc: true[0m
[0m[[0m[0mdebug[0m] [0m[0msymbol fals[0m
[0m[[0m[0mdebug[0m] [0m[0mlsp-definition potentials: Set()[0m
[0m[[0m[0mdebug[0m] [0m[0manalysis location (C:\Users\Saad\OneDrive\Desktop\Awwad-Core\target\scala-2.12\zinc\inc_compile_2.12.zip,true)[0m
[0m[[0m[0mdebug[0m] [0m[0mlsp-definition locations Vector()[0m
[0m[[0m[32msuccess[0m] [0m[0mTotal time: 2 s, completed Oct 13, 2021 4:34:21 PM[0m
[0m[[0m[0mdebug[0m] [0m[0mjsonRpcNotify: JsonRpcNotificationMessage(2.0, build/logMessage, {"type":4,"message":"Done"})[0m
[0m[[0m[0mdebug[0m] [0m[0m> Exec(shell, None, None)[0m
[0m[[0m[0mdebug[0m] [0m[0msymbol expect[0m
[0m[[0m[0mdebug[0m] [0m[0mlsp-definition potentials: Set()[0m
[0m[[0m[0mdebug[0m] [0m[0mlsp-definition locations Vector()[0m
