[0m[[0m[0mdebug[0m] [0m[0m> Exec(;Test/compile; collectAnalyses, None, Some(CommandSource(network-1)))[0m
[0m[[0m[0mdebug[0m] [0m[0mjsonRpcNotify: JsonRpcNotificationMessage(2.0, build/logMessage, {"type":4,"message":"Processing"})[0m
[0m[[0m[0mdebug[0m] [0m[0mjsonRpcNotify: JsonRpcNotificationMessage(2.0, build/logMessage, {"type":4,"message":"Done"})[0m
[0m[[0m[0mdebug[0m] [0m[0m> Exec(Test/compile, None, Some(CommandSource(network-1)))[0m
[0m[[0m[0mdebug[0m] [0m[0mjsonRpcNotify: JsonRpcNotificationMessage(2.0, build/logMessage, {"type":4,"message":"Processing"})[0m
[0m[[0m[0mdebug[0m] [0m[0mEvaluating tasks: Test / compile[0m
[0m[[0m[0mdebug[0m] [0m[0mRunning task... Cancel: Signal, check cycles: false, forcegc: true[0m
[0m[[0m[0mdebug[0m] [0m[0mjsonRpcNotify: JsonRpcNotificationMessage(2.0, build/taskStart, {"taskId":{"id":"1","parents":[]},"eventTime":1634124824214,"message":"Compiling root","dataKind":"compile-task","data":{"target":{"uri":"file:/C:/Users/Saad/OneDrive/Desktop/Awwad-Core/#root/Compile"}}})[0m
[0m[[0m[0mdebug[0m] [0m[0mjsonRpcNotify: JsonRpcNotificationMessage(2.0, build/publishDiagnostics, {"textDocument":{"uri":"file:///C:/Users/Saad/OneDrive/Desktop/Awwad-Core/src/main/scala/Datapath/ALU.scala"},"buildTarget":{"uri":"file:/C:/Users/Saad/OneDrive/Desktop/Awwad-Core/#root/Compile"},"diagnostics":[],"reset":true})[0m
[0m[[0m[0mdebug[0m] [0m[0mjsonRpcNotify: JsonRpcNotificationMessage(2.0, build/publishDiagnostics, {"textDocument":{"uri":"file:///C:/Users/Saad/OneDrive/Desktop/Awwad-Core/src/main/scala/Datapath/Jalr.scala"},"buildTarget":{"uri":"file:/C:/Users/Saad/OneDrive/Desktop/Awwad-Core/#root/Compile"},"diagnostics":[],"reset":true})[0m
[0m[[0m[0mdebug[0m] [0m[0mjsonRpcNotify: JsonRpcNotificationMessage(2.0, build/publishDiagnostics, {"textDocument":{"uri":"file:///C:/Users/Saad/OneDrive/Desktop/Awwad-Core/src/main/scala/Datapath/ImmGen.scala"},"buildTarget":{"uri":"file:/C:/Users/Saad/OneDrive/Desktop/Awwad-Core/#root/Compile"},"diagnostics":[],"reset":true})[0m
[0m[[0m[0mdebug[0m] [0m[0mjsonRpcNotify: JsonRpcNotificationMessage(2.0, build/publishDiagnostics, {"textDocument":{"uri":"file:///C:/Users/Saad/OneDrive/Desktop/Awwad-Core/src/main/scala/Datapath/BranchControl.scala"},"buildTarget":{"uri":"file:/C:/Users/Saad/OneDrive/Desktop/Awwad-Core/#root/Compile"},"diagnostics":[],"reset":true})[0m
[0m[[0m[0mdebug[0m] [0m[0mjsonRpcNotify: JsonRpcNotificationMessage(2.0, build/publishDiagnostics, {"textDocument":{"uri":"file:///C:/Users/Saad/OneDrive/Desktop/Awwad-Core/src/main/scala/Datapath/RegisterFile.scala"},"buildTarget":{"uri":"file:/C:/Users/Saad/OneDrive/Desktop/Awwad-Core/#root/Compile"},"diagnostics":[],"reset":true})[0m
[0m[[0m[0mdebug[0m] [0m[0mjsonRpcNotify: JsonRpcNotificationMessage(2.0, build/publishDiagnostics, {"textDocument":{"uri":"file:///C:/Users/Saad/OneDrive/Desktop/Awwad-Core/src/main/scala/gcd/GCD.scala"},"buildTarget":{"uri":"file:/C:/Users/Saad/OneDrive/Desktop/Awwad-Core/#root/Compile"},"diagnostics":[],"reset":true})[0m
[0m[[0m[0mdebug[0m] [0m[0mjsonRpcNotify: JsonRpcNotificationMessage(2.0, build/publishDiagnostics, {"textDocument":{"uri":"file:///C:/Users/Saad/OneDrive/Desktop/Awwad-Core/src/main/scala/Datapath/TopFile.scala"},"buildTarget":{"uri":"file:/C:/Users/Saad/OneDrive/Desktop/Awwad-Core/#root/Compile"},"diagnostics":[],"reset":true})[0m
[0m[[0m[0mdebug[0m] [0m[0mjsonRpcNotify: JsonRpcNotificationMessage(2.0, build/publishDiagnostics, {"textDocument":{"uri":"file:///C:/Users/Saad/OneDrive/Desktop/Awwad-Core/src/main/scala/Datapath/DataMemory.scala"},"buildTarget":{"uri":"file:/C:/Users/Saad/OneDrive/Desktop/Awwad-Core/#root/Compile"},"diagnostics":[],"reset":true})[0m
[0m[[0m[0mdebug[0m] [0m[0mjsonRpcNotify: JsonRpcNotificationMessage(2.0, build/publishDiagnostics, {"textDocument":{"uri":"file:///C:/Users/Saad/OneDrive/Desktop/Awwad-Core/src/main/scala/Datapath/Config.scala"},"buildTarget":{"uri":"file:/C:/Users/Saad/OneDrive/Desktop/Awwad-Core/#root/Compile"},"diagnostics":[],"reset":true})[0m
[0m[[0m[0mdebug[0m] [0m[0mjsonRpcNotify: JsonRpcNotificationMessage(2.0, build/publishDiagnostics, {"textDocument":{"uri":"file:///C:/Users/Saad/OneDrive/Desktop/Awwad-Core/src/main/scala/Datapath/AluControl.scala"},"buildTarget":{"uri":"file:/C:/Users/Saad/OneDrive/Desktop/Awwad-Core/#root/Compile"},"diagnostics":[],"reset":true})[0m
[0m[[0m[0mdebug[0m] [0m[0mjsonRpcNotify: JsonRpcNotificationMessage(2.0, build/publishDiagnostics, {"textDocument":{"uri":"file:///C:/Users/Saad/OneDrive/Desktop/Awwad-Core/src/main/scala/Datapath/ProgramCounter.scala"},"buildTarget":{"uri":"file:/C:/Users/Saad/OneDrive/Desktop/Awwad-Core/#root/Compile"},"diagnostics":[],"reset":true})[0m
[0m[[0m[0mdebug[0m] [0m[0mjsonRpcNotify: JsonRpcNotificationMessage(2.0, build/publishDiagnostics, {"textDocument":{"uri":"file:///C:/Users/Saad/OneDrive/Desktop/Awwad-Core/src/main/scala/gcd/DecoupledGCD.scala"},"buildTarget":{"uri":"file:/C:/Users/Saad/OneDrive/Desktop/Awwad-Core/#root/Compile"},"diagnostics":[],"reset":true})[0m
[0m[[0m[0mdebug[0m] [0m[0mjsonRpcNotify: JsonRpcNotificationMessage(2.0, build/publishDiagnostics, {"textDocument":{"uri":"file:///C:/Users/Saad/OneDrive/Desktop/Awwad-Core/src/main/scala/Datapath/Control.scala"},"buildTarget":{"uri":"file:/C:/Users/Saad/OneDrive/Desktop/Awwad-Core/#root/Compile"},"diagnostics":[],"reset":true})[0m
[0m[[0m[0mdebug[0m] [0m[0mjsonRpcNotify: JsonRpcNotificationMessage(2.0, build/publishDiagnostics, {"textDocument":{"uri":"file:///C:/Users/Saad/OneDrive/Desktop/Awwad-Core/src/main/scala/Datapath/InstructionMemory.scala"},"buildTarget":{"uri":"file:/C:/Users/Saad/OneDrive/Desktop/Awwad-Core/#root/Compile"},"diagnostics":[],"reset":true})[0m
[0m[[0m[0mdebug[0m] [0m[0mjsonRpcNotify: JsonRpcNotificationMessage(2.0, build/publishDiagnostics, {"textDocument":{"uri":"file:///C:/Users/Saad/OneDrive/Desktop/Awwad-Core/src/main/scala/Datapath/ControlDecode.scala"},"buildTarget":{"uri":"file:/C:/Users/Saad/OneDrive/Desktop/Awwad-Core/#root/Compile"},"diagnostics":[],"reset":true})[0m
[0m[[0m[0mdebug[0m] [0m[0mjsonRpcNotify: JsonRpcNotificationMessage(2.0, build/publishDiagnostics, {"textDocument":{"uri":"file:///C:/Users/Saad/OneDrive/Desktop/Awwad-Core/src/main/scala/Datapath/TypeDecode.scala"},"buildTarget":{"uri":"file:/C:/Users/Saad/OneDrive/Desktop/Awwad-Core/#root/Compile"},"diagnostics":[],"reset":true})[0m
[0m[[0m[0mdebug[0m] [0m[0mjsonRpcNotify: JsonRpcNotificationMessage(2.0, build/taskFinish, {"taskId":{"id":"1","parents":[]},"eventTime":1634124825951,"message":"Compiled root","status":1,"dataKind":"compile-report","data":{"target":{"uri":"file:/C:/Users/Saad/OneDrive/Desktop/Awwad-Core/#root/Compile"},"errors":0,"warnings":0,"time":1737}})[0m
[0m[[0m[0mdebug[0m] [0m[0mjsonRpcNotify: JsonRpcNotificationMessage(2.0, build/taskStart, {"taskId":{"id":"2","parents":[]},"eventTime":1634124825992,"message":"Compiling root-test","dataKind":"compile-task","data":{"target":{"uri":"file:/C:/Users/Saad/OneDrive/Desktop/Awwad-Core/#root/Test"}}})[0m
[0m[[0m[0minfo[0m] [0m[0mcompiling 1 Scala source to C:\Users\Saad\OneDrive\Desktop\Awwad-Core\target\scala-2.12\test-classes ...[0m
[0m[[0m[0mdebug[0m] [0m[0mjsonRpcNotify: JsonRpcNotificationMessage(2.0, build/logMessage, {"type":3,"message":"compiling 1 Scala source to C:\\Users\\Saad\\OneDrive\\Desktop\\Awwad-Core\\target\\scala-2.12\\test-classes ..."})[0m
[0m[[0m[0mdebug[0m] [0m[0mjsonRpcNotify: JsonRpcNotificationMessage(2.0, build/publishDiagnostics, {"textDocument":{"uri":"file:///C:/Users/Saad/OneDrive/Desktop/Awwad-Core/src/test/scala/Datapath/ControlTest.scala"},"buildTarget":{"uri":"file:/C:/Users/Saad/OneDrive/Desktop/Awwad-Core/#root/Test"},"diagnostics":[{"range":{"start":{"line":10,"character":17},"end":{"line":10,"character":18}},"severity":1,"source":"sbt","message":"not found: type Control"}],"reset":false})[0m
[0m[[0m[31merror[0m] [0m[0mC:\Users\Saad\OneDrive\Desktop\Awwad-Core\src\test\scala\Datapath\ControlTest.scala:11:18: not found: type Control[0m
[0m[[0m[31merror[0m] [0m[0m        test(new Control) {c =>[0m
[0m[[0m[31merror[0m] [0m[0m                 ^[0m
[0m[[0m[0mdebug[0m] [0m[0mjsonRpcNotify: JsonRpcNotificationMessage(2.0, build/logMessage, {"type":1,"message":"C:\\Users\\Saad\\OneDrive\\Desktop\\Awwad-Core\\src\\test\\scala\\Datapath\\ControlTest.scala:11:18: not found: type Control"})[0m
[0m[[0m[0mdebug[0m] [0m[0mjsonRpcNotify: JsonRpcNotificationMessage(2.0, build/logMessage, {"type":1,"message":"        test(new Control) {c =>"})[0m
[0m[[0m[0mdebug[0m] [0m[0mjsonRpcNotify: JsonRpcNotificationMessage(2.0, build/logMessage, {"type":1,"message":"                 ^"})[0m
[0m[[0m[31merror[0m] [0m[0mone error found[0m
[0m[[0m[0mdebug[0m] [0m[0mjsonRpcNotify: JsonRpcNotificationMessage(2.0, build/logMessage, {"type":1,"message":"one error found"})[0m
[0m[[0m[0mdebug[0m] [0m[0mjsonRpcNotify: JsonRpcNotificationMessage(2.0, build/publishDiagnostics, {"textDocument":{"uri":"file:///C:/Users/Saad/OneDrive/Desktop/Awwad-Core/src/test/scala/Datapath/ALUtest.scala"},"buildTarget":{"uri":"file:/C:/Users/Saad/OneDrive/Desktop/Awwad-Core/#root/Test"},"diagnostics":[],"reset":true})[0m
[0m[[0m[0mdebug[0m] [0m[0mjsonRpcNotify: JsonRpcNotificationMessage(2.0, build/publishDiagnostics, {"textDocument":{"uri":"file:///C:/Users/Saad/OneDrive/Desktop/Awwad-Core/src/test/scala/Datapath/ControlDecodeTest.scala"},"buildTarget":{"uri":"file:/C:/Users/Saad/OneDrive/Desktop/Awwad-Core/#root/Test"},"diagnostics":[],"reset":true})[0m
[0m[[0m[0mdebug[0m] [0m[0mjsonRpcNotify: JsonRpcNotificationMessage(2.0, build/publishDiagnostics, {"textDocument":{"uri":"file:///C:/Users/Saad/OneDrive/Desktop/Awwad-Core/src/test/scala/Datapath/ControlTest.scala"},"buildTarget":{"uri":"file:/C:/Users/Saad/OneDrive/Desktop/Awwad-Core/#root/Test"},"diagnostics":[{"range":{"start":{"line":10,"character":17},"end":{"line":10,"character":18}},"severity":1,"source":"sbt","message":"not found: type Control"}],"reset":true})[0m
[0m[[0m[0mdebug[0m] [0m[0mjsonRpcNotify: JsonRpcNotificationMessage(2.0, build/publishDiagnostics, {"textDocument":{"uri":"file:///C:/Users/Saad/OneDrive/Desktop/Awwad-Core/src/test/scala/gcd/GCDSpec.scala"},"buildTarget":{"uri":"file:/C:/Users/Saad/OneDrive/Desktop/Awwad-Core/#root/Test"},"diagnostics":[],"reset":true})[0m
[0m[[0m[0mdebug[0m] [0m[0mjsonRpcNotify: JsonRpcNotificationMessage(2.0, build/taskFinish, {"taskId":{"id":"2","parents":[]},"eventTime":1634124830854,"message":"Compiled root-test","status":2,"dataKind":"compile-report","data":{"target":{"uri":"file:/C:/Users/Saad/OneDrive/Desktop/Awwad-Core/#root/Test"},"errors":1,"warnings":0,"time":4862}})[0m
[0m[[0m[31merror[0m] [0m[0m(Test / [31mcompileIncremental[0m) Compilation failed[0m
[0m[[0m[0mdebug[0m] [0m[0mjsonRpcNotify: JsonRpcNotificationMessage(2.0, build/logMessage, {"type":1,"message":"(Test / \u001b[31mcompileIncremental\u001b[0m) Compilation failed"})[0m
[0m[[0m[31merror[0m] [0m[0mTotal time: 8 s, completed Oct 13, 2021 4:33:50 PM[0m
[0m[[0m[0mdebug[0m] [0m[0mjsonRpcNotify: JsonRpcNotificationMessage(2.0, build/logMessage, {"type":4,"message":"Done"})[0m
[0m[[0m[0mdebug[0m] [0m[0m> Exec(shell, None, None)[0m
[0m[[0m[0mdebug[0m] [0m[0mUnhandled notification received: textDocument/didOpen: JsonRpcNotificationMessage(2.0, textDocument/didOpen, {"textDocument":{"uri":"file:///c%3A/Users/Saad/OneDrive/Desktop/Awwad-Core/src/test/scala/Datapath/ALUtest.scala","languageId":"scala","version":1,"text":"package Datapath\r\nimport org.scalatest._\r\nimport chiseltest._\r\nimport chisel3._\r\nclass AluTest extends FreeSpec with ChiselScalatestTester{\r\n    \r\n    \"control decode Test\" in {\r\n        test(new Alu){c=>\r\n        c.io.in1.poke(1.S)\r\n        c.io.in2.poke(3.S)\r\n        c.io.AluControl.poke(\"b00001\".U)\r\n        c.io.Branch.expect(false.B)\r\n        c.io.out.expect(8.S)\r\n\r\n\r\n\r\n        }\r\n\r\n    }\r\n}"}})[0m
[0m[[0m[0mdebug[0m] [0m[0mlsp-definition json request: {"textDocument":{"uri":"file:///c%3A/Users/Saad/OneDrive/Desktop/Awwad-Core/src/test/scala/Datapath/ControlTest.scala"},"position":{"line":14,"character":26}}[0m
[0m[[0m[0mdebug[0m] [0m[0mlsp-definition found line:         c.io.Branch.expect(false.B)[0m
[0m[[0m[0mdebug[0m] [0m[0mUnhandled notification received: $/cancelRequest: JsonRpcNotificationMessage(2.0, $/cancelRequest, {"id":1})[0m
[0m[[0m[0mdebug[0m] [0m[0mlsp-definition json request: {"textDocument":{"uri":"file:///c%3A/Users/Saad/OneDrive/Desktop/Awwad-Core/src/test/scala/Datapath/ControlTest.scala"},"position":{"line":14,"character":27}}[0m
[0m[[0m[0mdebug[0m] [0m[0mlsp-definition found line:         c.io.Branch.expect(false.B)[0m
